[2020-03-02T16:30:12.028Z][QUERY]: DELETE FROM "hw_user"
[2020-03-02T16:30:12.109Z][QUERY]: SELECT "TUser"."id" AS "TUser_id", "TUser"."name" AS "TUser_name", "TUser"."description" AS "TUser_description", "TUser"."is_deleted" AS "TUser_is_deleted", "TUser"."password" AS "TUser_password", "TUser"."age" AS "TUser_age" FROM "hw_user" "TUser" WHERE "TUser"."id" IN ($1) -- PARAMETERS: ["16d9d260-5ca3-11ea-98f3-6f3c7871cab2"]
[2020-03-02T16:30:12.201Z][QUERY]: START TRANSACTION
[2020-03-02T16:30:12.248Z][QUERY]: INSERT INTO "hw_user"("id", "name", "description", "is_deleted", "password", "age") VALUES ($1, $2, DEFAULT, $3, $4, $5) -- PARAMETERS: ["16d9d260-5ca3-11ea-98f3-6f3c7871cab2","user3@mail.com",0,"123453",25]
[2020-03-02T16:30:12.340Z][QUERY]: COMMIT
[2020-03-02T16:34:42.587Z][INFO]: All classes found using provided glob pattern "src/entity/**/*.ts" : "src/entity/Dimension.ts,src/entity/Entity.ts,src/entity/Group.ts,src/entity/User.ts,src/entity/UserGroup.ts"
[2020-03-02T16:34:42.968Z][QUERY]: DELETE FROM "hw_user"
[2020-03-02T16:34:43.068Z][QUERY]: SELECT "TUser"."id" AS "TUser_id", "TUser"."name" AS "TUser_name", "TUser"."description" AS "TUser_description", "TUser"."is_deleted" AS "TUser_is_deleted", "TUser"."password" AS "TUser_password", "TUser"."age" AS "TUser_age" FROM "hw_user" "TUser" WHERE "TUser"."id" IN ($1) -- PARAMETERS: ["b85a1f00-5ca3-11ea-8711-2db5d86a0bb0"]
[2020-03-02T16:34:43.165Z][QUERY]: START TRANSACTION
[2020-03-02T16:34:43.216Z][QUERY]: INSERT INTO "hw_user"("id", "name", "description", "is_deleted", "password", "age") VALUES ($1, $2, DEFAULT, $3, $4, $5) -- PARAMETERS: ["b85a1f00-5ca3-11ea-8711-2db5d86a0bb0","user7@mail.com",0,"123457",25]
[2020-03-02T16:34:43.311Z][QUERY]: COMMIT
[2020-03-02T16:41:05.873Z][INFO]: All classes found using provided glob pattern "src/entity/**/*.ts" : "src/entity/Dimension.ts,src/entity/Entity.ts,src/entity/Group.ts,src/entity/User.ts,src/entity/UserGroup.ts"
[2020-03-02T16:41:06.127Z][QUERY]: DELETE FROM "hw_user"
[2020-03-02T16:41:06.208Z][QUERY]: SELECT "TUser"."id" AS "TUser_id", "TUser"."name" AS "TUser_name", "TUser"."description" AS "TUser_description", "TUser"."is_deleted" AS "TUser_is_deleted", "TUser"."password" AS "TUser_password", "TUser"."age" AS "TUser_age" FROM "hw_user" "TUser" WHERE "TUser"."id" IN ($1) -- PARAMETERS: ["9cb96890-5ca4-11ea-a4e7-d9c0e8d3c083"]
[2020-03-02T16:41:06.301Z][QUERY]: START TRANSACTION
[2020-03-02T16:41:06.357Z][QUERY]: INSERT INTO "hw_user"("id", "name", "description", "is_deleted", "password", "age") VALUES ($1, $2, DEFAULT, $3, $4, $5) -- PARAMETERS: ["9cb96890-5ca4-11ea-a4e7-d9c0e8d3c083","user7@mail.com",0,"123457",25]
[2020-03-02T16:41:06.452Z][QUERY]: COMMIT
[2020-03-02T16:41:06.510Z][QUERY]: UPDATE "hw_user" SET "is_deleted" = $2 WHERE "id" IN ($1) -- PARAMETERS: ["9cb96890-5ca4-11ea-a4e7-d9c0e8d3c083",1]
[2020-03-02T16:45:46.886Z][INFO]: All classes found using provided glob pattern "src/entity/**/*.ts" : "src/entity/Dimension.ts,src/entity/Entity.ts,src/entity/Group.ts,src/entity/User.ts,src/entity/UserGroup.ts"
[2020-03-02T16:45:47.179Z][QUERY]: DELETE FROM "hw_user"
[2020-03-02T16:45:47.298Z][QUERY]: SELECT "TUser"."id" AS "TUser_id", "TUser"."name" AS "TUser_name", "TUser"."description" AS "TUser_description", "TUser"."is_deleted" AS "TUser_is_deleted", "TUser"."password" AS "TUser_password", "TUser"."age" AS "TUser_age" FROM "hw_user" "TUser" WHERE "TUser"."id" IN ($1) -- PARAMETERS: ["4443ba70-5ca5-11ea-9eb3-b38154de06a4"]
[2020-03-02T16:45:47.395Z][QUERY]: START TRANSACTION
[2020-03-02T16:45:47.452Z][QUERY]: INSERT INTO "hw_user"("id", "name", "description", "is_deleted", "password", "age") VALUES ($1, $2, DEFAULT, $3, $4, $5) -- PARAMETERS: ["4443ba70-5ca5-11ea-9eb3-b38154de06a4","user9@mail.com",0,"123459",25]
[2020-03-02T16:45:47.548Z][QUERY]: COMMIT
[2020-03-02T16:45:47.611Z][QUERY]: UPDATE "hw_user" SET "is_deleted" = $2 WHERE "id" IN ($1) -- PARAMETERS: ["4443ba70-5ca5-11ea-9eb3-b38154de06a4",1]
[2020-03-02T16:51:09.553Z][INFO]: All classes found using provided glob pattern "src/entity/**/*.ts" : "src/entity/Dimension.ts,src/entity/Entity.ts,src/entity/Group.ts,src/entity/User.ts,src/entity/UserGroup.ts"
[2020-03-02T16:51:09.793Z][QUERY]: DELETE FROM "hw_user"
[2020-03-02T16:51:09.874Z][QUERY]: SELECT "TUser"."id" AS "TUser_id", "TUser"."name" AS "TUser_name", "TUser"."description" AS "TUser_description", "TUser"."is_deleted" AS "TUser_is_deleted", "TUser"."password" AS "TUser_password", "TUser"."age" AS "TUser_age" FROM "hw_user" "TUser" WHERE "TUser"."id" IN ($1) -- PARAMETERS: ["0489aec0-5ca6-11ea-805a-bbb2bec2cec5"]
[2020-03-02T16:51:09.970Z][QUERY]: START TRANSACTION
[2020-03-02T16:51:10.019Z][QUERY]: INSERT INTO "hw_user"("id", "name", "description", "is_deleted", "password", "age") VALUES ($1, $2, DEFAULT, $3, $4, $5) -- PARAMETERS: ["0489aec0-5ca6-11ea-805a-bbb2bec2cec5","user8@mail.com",0,"123458",25]
[2020-03-02T16:51:10.114Z][QUERY]: COMMIT
[2020-03-02T16:51:10.190Z][QUERY]: UPDATE "hw_user" SET "is_deleted" = $2 WHERE "id" IN ($1) -- PARAMETERS: ["0489aec0-5ca6-11ea-805a-bbb2bec2cec5",1]
